<?xml version="1.0" encoding="UTF-8"?>
<!-- Generated by org.testng.reporters.JUnitXMLReporter -->
<testsuite ignored="0" hostname="DESKTOP-9B1FUF3" failures="0" tests="5" name="Test" time="37.475" errors="0" timestamp="2024-07-26T16:43:13 IST">
  <testcase classname="com.groupExecutionClasses.AlluArjun" name="executeScript" time="11.182"/>
  <testcase classname="com.groupExecutionClasses.Puneet" name="executeScript" time="5.33"/>
  <testcase classname="com.groupExecutionClasses.MaheshBabu" name="executeScript" time="7.046"/>
  <testcase classname="com.groupExecutionClasses.Yash" name="executeScript" time="6.862"/>
  <testcase classname="com.groupExecutionClasses.Vikikaushal" name="executeScript" time="6.85"/>
</testsuite> <!-- Test -->
