<?xml version="1.0" encoding="UTF-8"?>
<testng-results ignored="0" total="1" passed="1" failed="0" skipped="0">
  <reporter-output>
  </reporter-output>
  <suite started-at="2024-07-27T15:58:20 IST" name="Default suite" finished-at="2024-07-27T15:58:21 IST" duration-ms="176">
    <groups>
    </groups>
    <test started-at="2024-07-27T15:58:20 IST" name="Default test" finished-at="2024-07-27T15:58:21 IST" duration-ms="176">
      <class name="com.sampletestScripts.Monster_Test">
        <test-method signature="executeScript()[pri:0, instance:com.sampletestScripts.Monster_Test@5c33f1a9]" started-at="2024-07-27T15:58:20 IST" name="executeScript" finished-at="2024-07-27T15:58:21 IST" duration-ms="36" status="PASS">
          <reporter-output>
          </reporter-output>
        </test-method> <!-- executeScript -->
      </class> <!-- com.sampletestScripts.Monster_Test -->
    </test> <!-- Default test -->
  </suite> <!-- Default suite -->
</testng-results>
